<?xml version="1.0" encoding="UTF-8"?>
<testng-results ignored="0" total="1" passed="1" failed="0" skipped="0">
  <reporter-output>
    <line>
      <![CDATA[Login successfully]]>
    </line>
  </reporter-output>
  <suite started-at="2023-08-21T17:42:44 IST" name="Surefire suite" finished-at="2023-08-21T17:43:43 IST" duration-ms="58994">
    <groups>
    </groups>
    <test started-at="2023-08-21T17:42:44 IST" name="Surefire test" finished-at="2023-08-21T17:43:43 IST" duration-ms="58994">
      <class name="TESTNGFlyaway.flyawayproject.AppTest">
        <test-method signature="launchbroser()[pri:0, instance:TESTNGFlyaway.flyawayproject.AppTest@59d016c9]" started-at="2023-08-21T17:42:44 IST" name="launchbroser" finished-at="2023-08-21T17:43:43 IST" duration-ms="58955" status="PASS">
          <reporter-output>
            <line>
              <![CDATA[Login successfully]]>
            </line>
          </reporter-output>
        </test-method> <!-- launchbroser -->
      </class> <!-- TESTNGFlyaway.flyawayproject.AppTest -->
    </test> <!-- Surefire test -->
  </suite> <!-- Surefire suite -->
</testng-results>
